INFO [2016-12-31 00:56:01] $x
INFO [2016-12-31 00:56:01] list(Kit1 = kit1, Kit2 = kit2)
INFO [2016-12-31 00:56:01] 
INFO [2016-12-31 00:56:01] $filename
INFO [2016-12-31 00:56:01] [1] "enst.png"
INFO [2016-12-31 00:56:01] 
INFO [2016-12-31 00:56:01] $imagetype
INFO [2016-12-31 00:56:01] [1] "png"
INFO [2016-12-31 00:56:01] 
INFO [2016-12-31 00:56:01] $fill
INFO [2016-12-31 00:56:01] c("skyblue", "pink1")
INFO [2016-12-31 00:56:01] 
INFO [2016-12-31 00:56:01] $scaled
INFO [2016-12-31 00:56:01] [1] TRUE
INFO [2016-12-31 00:56:01] 
INFO [2016-12-31 00:56:01] $main
INFO [2016-12-31 00:56:01] [1] "ENST transcripts comparision"
INFO [2016-12-31 00:56:01] 
INFO [2016-12-31 00:56:01] $main.cex
INFO [2016-12-31 00:56:01] [1] 2
INFO [2016-12-31 00:56:01] 
