INFO [2016-12-31 00:54:39] $x
INFO [2016-12-31 00:54:39] list(Kit1 = kit1, Kit2 = kit2)
INFO [2016-12-31 00:54:39] 
INFO [2016-12-31 00:54:39] $filename
INFO [2016-12-31 00:54:39] [1] "ercc.png"
INFO [2016-12-31 00:54:39] 
INFO [2016-12-31 00:54:39] $imagetype
INFO [2016-12-31 00:54:39] [1] "png"
INFO [2016-12-31 00:54:39] 
INFO [2016-12-31 00:54:39] $fill
INFO [2016-12-31 00:54:39] c("skyblue", "pink1")
INFO [2016-12-31 00:54:39] 
INFO [2016-12-31 00:54:39] $scaled
INFO [2016-12-31 00:54:39] [1] TRUE
INFO [2016-12-31 00:54:39] 
INFO [2016-12-31 00:54:39] $main
INFO [2016-12-31 00:54:39] [1] "ERCC transcripts comparision"
INFO [2016-12-31 00:54:39] 
INFO [2016-12-31 00:54:39] $main.cex
INFO [2016-12-31 00:54:39] [1] 2
INFO [2016-12-31 00:54:39] 
