INFO [2016-12-31 00:49:41] $x
INFO [2016-12-31 00:49:41] list(Kit1 = kit1, Kit2 = kit2)
INFO [2016-12-31 00:49:41] 
INFO [2016-12-31 00:49:41] $filename
INFO [2016-12-31 00:49:41] [1] "ercc.png"
INFO [2016-12-31 00:49:41] 
INFO [2016-12-31 00:49:41] $imagetype
INFO [2016-12-31 00:49:41] [1] "png"
INFO [2016-12-31 00:49:41] 
INFO [2016-12-31 00:49:41] $fill
INFO [2016-12-31 00:49:41] c("skyblue", "pink1")
INFO [2016-12-31 00:49:41] 
INFO [2016-12-31 00:49:41] $scaled
INFO [2016-12-31 00:49:41] [1] TRUE
INFO [2016-12-31 00:49:41] 
INFO [2016-12-31 00:49:41] $main
INFO [2016-12-31 00:49:41] [1] "ERCC transcripts comparision"
INFO [2016-12-31 00:49:41] 
INFO [2016-12-31 00:49:41] $main.cex
INFO [2016-12-31 00:49:41] [1] 2
INFO [2016-12-31 00:49:41] 
